# JRE version: Java(TM) SE Runtime Environment (8.0_05-b13) (build 1.8.0_05-b13)
# Java VM: Java HotSpot(TM) 64-Bit Server VM (25.5-b02 mixed mode windows-amd64 compressed oops)
Heap:
 PSYoungGen      total 20480K, used 4314K [0x0000000716200000, 0x0000000718480000, 0x00000007c0000000)
  eden space 17408K, 9% used [0x0000000716200000,0x00000007163af598,0x0000000717300000)
  from space 3072K, 84% used [0x0000000717300000,0x0000000717587540,0x0000000717600000)
  to   space 3584K, 0% used [0x0000000718100000,0x0000000718100000,0x0000000718480000)
 ParOldGen       total 520704K, used 23328K [0x00000005c2600000, 0x00000005e2280000, 0x0000000716200000)
  object space 520704K, 4% used [0x00000005c2600000,0x00000005c3cc80e8,0x00000005e2280000)
 Metaspace       used 18842K, capacity 18984K, committed 19328K, reserved 1067008K
  class space    used 2629K, capacity 2667K, committed 2688K, reserved 1048576K
GC Heap History (10 events):
Event: 5.174 GC heap before
{Heap before GC invocations=11 (full 0):
 PSYoungGen      total 8192K, used 7917K [0x0000000716200000, 0x0000000716b80000, 0x00000007c0000000)
  eden space 6656K, 100% used [0x0000000716200000,0x0000000716880000,0x0000000716880000)
  from space 1536K, 82% used [0x0000000716a00000,0x0000000716b3b508,0x0000000716b80000)
  to   space 1536K, 0% used [0x0000000716880000,0x0000000716880000,0x0000000716a00000)
 ParOldGen       total 520704K, used 2219K [0x00000005c2600000, 0x00000005e2280000, 0x0000000716200000)
  object space 520704K, 0% used [0x00000005c2600000,0x00000005c282ad28,0x00000005e2280000)
 Metaspace       used 9756K, capacity 9860K, committed 9984K, reserved 1058816K
  class space    used 1195K, capacity 1213K, committed 1280K, reserved 1048576K
Event: 5.176 GC heap after
Heap after GC invocations=11 (full 0):
 PSYoungGen      total 8192K, used 1227K [0x0000000716200000, 0x0000000716f80000, 0x00000007c0000000)
  eden space 6656K, 0% used [0x0000000716200000,0x0000000716200000,0x0000000716880000)
  from space 1536K, 79% used [0x0000000716880000,0x00000007169b2ec0,0x0000000716a00000)
  to   space 1536K, 0% used [0x0000000716e00000,0x0000000716e00000,0x0000000716f80000)
 ParOldGen       total 520704K, used 2991K [0x00000005c2600000, 0x00000005e2280000, 0x0000000716200000)
  object space 520704K, 0% used [0x00000005c2600000,0x00000005c28ebd38,0x00000005e2280000)
 Metaspace       used 9756K, capacity 9860K, committed 9984K, reserved 1058816K
  class space    used 1195K, capacity 1213K, committed 1280K, reserved 1048576K
}
Event: 5.797 GC heap before
{Heap before GC invocations=12 (full 0):
 PSYoungGen      total 8192K, used 7883K [0x0000000716200000, 0x0000000716f80000, 0x00000007c0000000)
  eden space 6656K, 100% used [0x0000000716200000,0x0000000716880000,0x0000000716880000)
  from space 1536K, 79% used [0x0000000716880000,0x00000007169b2ec0,0x0000000716a00000)
  to   space 1536K, 0% used [0x0000000716e00000,0x0000000716e00000,0x0000000716f80000)
 ParOldGen       total 520704K, used 2991K [0x00000005c2600000, 0x00000005e2280000, 0x0000000716200000)
  object space 520704K, 0% used [0x00000005c2600000,0x00000005c28ebd38,0x00000005e2280000)
 Metaspace       used 12446K, capacity 12588K, committed 12928K, reserved 1060864K
  class space    used 1538K, capacity 1569K, committed 1664K, reserved 1048576K
Event: 5.798 GC heap after
Heap after GC invocations=12 (full 0):
 PSYoungGen      total 12288K, used 1172K [0x0000000716200000, 0x0000000716f80000, 0x00000007c0000000)
  eden space 10752K, 0% used [0x0000000716200000,0x0000000716200000,0x0000000716c80000)
  from space 1536K, 76% used [0x0000000716e00000,0x0000000716f251e8,0x0000000716f80000)
  to   space 1536K, 0% used [0x0000000716c80000,0x0000000716c80000,0x0000000716e00000)
 ParOldGen       total 520704K, used 3528K [0x00000005c2600000, 0x00000005e2280000, 0x0000000716200000)
  object space 520704K, 0% used [0x00000005c2600000,0x00000005c2972270,0x00000005e2280000)
 Metaspace       used 12446K, capacity 12588K, committed 12928K, reserved 1060864K
  class space    used 1538K, capacity 1569K, committed 1664K, reserved 1048576K
}
Event: 6.088 GC heap before
{Heap before GC invocations=13 (full 0):
 PSYoungGen      total 12288K, used 11924K [0x0000000716200000, 0x0000000716f80000, 0x00000007c0000000)
  eden space 10752K, 100% used [0x0000000716200000,0x0000000716c80000,0x0000000716c80000)
  from space 1536K, 76% used [0x0000000716e00000,0x0000000716f251e8,0x0000000716f80000)
  to   space 1536K, 0% used [0x0000000716c80000,0x0000000716c80000,0x0000000716e00000)
 ParOldGen       total 520704K, used 3528K [0x00000005c2600000, 0x00000005e2280000, 0x0000000716200000)
  object space 520704K, 0% used [0x00000005c2600000,0x00000005c2972270,0x00000005e2280000)
 Metaspace       used 15340K, capacity 15466K, committed 15744K, reserved 1062912K
  class space    used 2052K, capacity 2118K, committed 2176K, reserved 1048576K
Event: 6.091 GC heap after
Heap after GC invocations=13 (full 0):
 PSYoungGen      total 12288K, used 1504K [0x0000000716200000, 0x0000000717900000, 0x00000007c0000000)
  eden space 10752K, 0% used [0x0000000716200000,0x0000000716200000,0x0000000716c80000)
  from space 1536K, 97% used [0x0000000716c80000,0x0000000716df8010,0x0000000716e00000)
  to   space 3072K, 0% used [0x0000000717600000,0x0000000717600000,0x0000000717900000)
 ParOldGen       total 520704K, used 7254K [0x00000005c2600000, 0x00000005e2280000, 0x0000000716200000)
  object space 520704K, 1% used [0x00000005c2600000,0x00000005c2d159e0,0x00000005e2280000)
 Metaspace       used 15340K, capacity 15466K, committed 15744K, reserved 1062912K
  class space    used 2052K, capacity 2118K, committed 2176K, reserved 1048576K
}
Event: 6.138 GC heap before
{Heap before GC invocations=14 (full 0):
 PSYoungGen      total 12288K, used 12256K [0x0000000716200000, 0x0000000717900000, 0x00000007c0000000)
  eden space 10752K, 100% used [0x0000000716200000,0x0000000716c80000,0x0000000716c80000)
  from space 1536K, 97% used [0x0000000716c80000,0x0000000716df8010,0x0000000716e00000)
  to   space 3072K, 0% used [0x0000000717600000,0x0000000717600000,0x0000000717900000)
 ParOldGen       total 520704K, used 7254K [0x00000005c2600000, 0x00000005e2280000, 0x0000000716200000)
  object space 520704K, 1% used [0x00000005c2600000,0x00000005c2d159e0,0x00000005e2280000)
 Metaspace       used 15967K, capacity 16144K, committed 16384K, reserved 1062912K
  class space    used 2152K, capacity 2215K, committed 2304K, reserved 1048576K
Event: 6.144 GC heap after
Heap after GC invocations=14 (full 0):
 PSYoungGen      total 20480K, used 1422K [0x0000000716200000, 0x0000000717900000, 0x00000007c0000000)
  eden space 17408K, 0% used [0x0000000716200000,0x0000000716200000,0x0000000717300000)
  from space 3072K, 46% used [0x0000000717600000,0x00000007177638e0,0x0000000717900000)
  to   space 3072K, 0% used [0x0000000717300000,0x0000000717300000,0x0000000717600000)
 ParOldGen       total 520704K, used 22670K [0x00000005c2600000, 0x00000005e2280000, 0x0000000716200000)
  object space 520704K, 4% used [0x00000005c2600000,0x00000005c3c23880,0x00000005e2280000)
 Metaspace       used 15967K, capacity 16144K, committed 16384K, reserved 1062912K
  class space    used 2152K, capacity 2215K, committed 2304K, reserved 1048576K
}
Event: 6.249 GC heap before
{Heap before GC invocations=15 (full 0):
 PSYoungGen      total 20480K, used 18830K [0x0000000716200000, 0x0000000717900000, 0x00000007c0000000)
  eden space 17408K, 100% used [0x0000000716200000,0x0000000717300000,0x0000000717300000)
  from space 3072K, 46% used [0x0000000717600000,0x00000007177638e0,0x0000000717900000)
  to   space 3072K, 0% used [0x0000000717300000,0x0000000717300000,0x0000000717600000)
 ParOldGen       total 520704K, used 22670K [0x00000005c2600000, 0x00000005e2280000, 0x0000000716200000)
  object space 520704K, 4% used [0x00000005c2600000,0x00000005c3c23880,0x00000005e2280000)
 Metaspace       used 18291K, capacity 18460K, committed 18816K, reserved 1064960K
  class space    used 2556K, capacity 2601K, committed 2688K, reserved 1048576K
Event: 6.252 GC heap after
Heap after GC invocations=15 (full 0):
 PSYoungGen      total 20480K, used 2589K [0x0000000716200000, 0x0000000718480000, 0x00000007c0000000)
  eden space 17408K, 0% used [0x0000000716200000,0x0000000716200000,0x0000000717300000)
  from space 3072K, 84% used [0x0000000717300000,0x0000000717587540,0x0000000717600000)
  to   space 3584K, 0% used [0x0000000718100000,0x0000000718100000,0x0000000718480000)
 ParOldGen       total 520704K, used 23328K [0x00000005c2600000, 0x00000005e2280000, 0x0000000716200000)
  object space 520704K, 4% used [0x00000005c2600000,0x00000005c3cc80e8,0x00000005e2280000)
 Metaspace       used 18291K, capacity 18460K, committed 18816K, reserved 1064960K
  class space    used 2556K, capacity 2601K, committed 2688K, reserved 1048576K
}

